2020/08/23 21:31:09 {"callers":["/Users/suchaowang/go/src/github.com/noChaos1012/tour/blog_service/main.go:21 %!s(func() string=0x11bc090)"],"level":"info","message":"【服务启动】noChaos:tour/blog-service","time":1598189469083490000}
2020/08/23 21:31:09 {"callers":["/Users/suchaowang/go/src/github.com/noChaos1012/tour/blog_service/main.go:21 %!s(func() string=0x11bc090)"],"level":"error","message":"app.BindAndValid1 errs","time":1598189469089639000}
2020/08/23 21:31:09 {"callers":["/Users/suchaowang/go/src/github.com/noChaos1012/tour/blog_service/main.go:21 %!s(func() string=0x11bc090)"],"level":"warn","message":"app.BindAndValid1 errs","time":1598189469089681000}
2020/08/23 21:36:24 {"callers":["/Users/suchaowang/go/src/github.com/noChaos1012/tour/blog_service/main.go:21 %!s(func() string=0x11bc090)"],"level":"info","message":"【服务启动】noChaos:tour/blog-service","time":1598189784584617000}
2020/08/23 21:36:46 {"callers":["/Users/suchaowang/go/src/github.com/noChaos1012/tour/blog_service/main.go:21 %!s(func() string=0x11bc090)"],"level":"error","message":"app.BindAndValid errs:CreatedBy为必填字段","time":1598189806492645000}
2020/08/23 21:37:07 {"callers":["/Users/suchaowang/go/src/github.com/noChaos1012/tour/blog_service/main.go:21 %!s(func() string=0x11bc090)"],"level":"error","message":"app.BindAndValid errs:CreatedBy为必填字段","time":1598189827233016000}
2020/08/23 21:40:19 {"callers":["/Users/suchaowang/go/src/github.com/noChaos1012/tour/blog_service/main.go:21 %!s(func() string=0x11bc090)"],"level":"error","message":"app.BindAndValid errs:Name为必填字段,CreatedBy为必填字段","time":1598190019695896000}
2020/08/23 21:40:30 {"callers":["/Users/suchaowang/go/src/github.com/noChaos1012/tour/blog_service/main.go:21 %!s(func() string=0x11bc090)"],"level":"error","message":"app.BindAndValid errs:Name为必填字段,CreatedBy为必填字段","time":1598190030330668000}
2020/08/23 21:40:56 {"callers":["/Users/suchaowang/go/src/github.com/noChaos1012/tour/blog_service/main.go:21 %!s(func() string=0x11bc090)"],"level":"error","message":"app.BindAndValid errs:Name为必填字段,CreatedBy为必填字段","time":1598190056346151000}
2020/08/23 21:41:10 {"callers":["/Users/suchaowang/go/src/github.com/noChaos1012/tour/blog_service/main.go:21 %!s(func() string=0x11bc090)"],"level":"error","message":"app.BindAndValid errs:Name为必填字段","time":1598190070350944000}
2020/08/23 21:41:19 {"callers":["/Users/suchaowang/go/src/github.com/noChaos1012/tour/blog_service/main.go:21 %!s(func() string=0x11bc090)"],"level":"error","message":"app.BindAndValid errs:CreatedBy为必填字段","time":1598190079787525000}
2020/08/23 21:41:29 {"callers":["/Users/suchaowang/go/src/github.com/noChaos1012/tour/blog_service/main.go:21 %!s(func() string=0x11bc090)"],"level":"info","message":"【服务启动】noChaos:tour/blog-service","time":1598190089841840000}
2020/08/23 21:54:33 {"callers":["/Users/suchaowang/go/src/github.com/noChaos1012/tour/blog_service/main.go:21 %!s(func() string=0x11bc090)"],"level":"error","message":"app.BindAndValid errs:CreatedBy为必填字段","time":1598190873589055000}
2020/08/23 21:54:38 {"callers":["/Users/suchaowang/go/src/github.com/noChaos1012/tour/blog_service/main.go:21 %!s(func() string=0x11bc090)"],"level":"error","message":"app.BindAndValid errs:","time":1598190878999783000}
2020/08/23 21:55:27 {"callers":["/Users/suchaowang/go/src/github.com/noChaos1012/tour/blog_service/main.go:21 %!s(func() string=0x11bc090)"],"level":"error","message":"app.BindAndValid errs:CreatedBy为必填字段","time":1598190927076319000}
2020/08/23 21:56:39 {"callers":["/Users/suchaowang/go/src/github.com/noChaos1012/tour/blog_service/main.go:21 %!s(func() string=0x11bc090)"],"level":"info","message":"【服务启动】noChaos:tour/blog-service","time":1598190999302451000}
2020/08/23 21:56:41 {"callers":["/Users/suchaowang/go/src/github.com/noChaos1012/tour/blog_service/main.go:21 %!s(func() string=0x11bc090)"],"level":"error","message":"app.BindAndValid errs:CreatedBy为必填字段","time":1598191001627098000}
2020/08/23 21:58:01 {"callers":["/Users/suchaowang/go/src/github.com/noChaos1012/tour/blog_service/main.go:21 %!s(func() string=0x11bc090)"],"level":"error","message":"app.BindAndValid errs:CreatedBy为必填字段,Name为必填字段","time":1598191081327440000}
2020/08/23 21:58:24 {"callers":["/Users/suchaowang/go/src/github.com/noChaos1012/tour/blog_service/main.go:21 %!s(func() string=0x11bc090)"],"level":"error","message":"app.BindAndValid errs:CreatedBy为必填字段","time":1598191104424320000}
2020/08/23 21:58:30 {"callers":["/Users/suchaowang/go/src/github.com/noChaos1012/tour/blog_service/main.go:21 %!s(func() string=0x11bc090)"],"level":"error","message":"app.BindAndValid errs:CreatedBy为必填字段","time":1598191110977984000}
2020/08/23 21:58:38 {"callers":["/Users/suchaowang/go/src/github.com/noChaos1012/tour/blog_service/main.go:21 %!s(func() string=0x11bc090)"],"level":"error","message":"app.BindAndValid errs:Name为必填字段,CreatedBy为必填字段","time":1598191118779384000}
2020/08/23 22:01:11 {"callers":["/Users/suchaowang/go/src/github.com/noChaos1012/tour/blog_service/main.go:21 %!s(func() string=0x11bc090)"],"level":"error","message":"app.BindAndValid errs:CreatedBy为必填字段","time":1598191271798670000}
2020/08/23 22:03:54 {"callers":["/Users/suchaowang/go/src/github.com/noChaos1012/tour/blog_service/main.go:21 %!s(func() string=0x11bc090)"],"level":"info","message":"【服务启动】noChaos:tour/blog-service","time":1598191434056245000}
2020/08/23 22:05:04 {"callers":["/Users/suchaowang/go/src/github.com/noChaos1012/tour/blog_service/main.go:21 %!s(func() string=0x11bc090)"],"level":"info","message":"【服务启动】noChaos:tour/blog-service","time":1598191504018905000}
2020/08/23 22:06:11 {"callers":["/Users/suchaowang/go/src/github.com/noChaos1012/tour/blog_service/main.go:21 %!s(func() string=0x11bc090)"],"level":"info","message":"【服务启动】noChaos:tour/blog-service","time":1598191571775097000}
2020/08/23 22:06:40 {"callers":["/Users/suchaowang/go/src/github.com/noChaos1012/tour/blog_service/main.go:21 %!s(func() string=0x11bc090)"],"level":"info","message":"【服务启动】noChaos:tour/blog-service","time":1598191600989873000}
2020/08/23 22:07:12 {"callers":["/Users/suchaowang/go/src/github.com/noChaos1012/tour/blog_service/main.go:21 %!s(func() string=0x11bc090)"],"level":"error","message":"app.BindAndValid errs:CreatedBy为必填字段","time":1598191632473678000}
2020/08/23 22:08:34 {"callers":["/Users/suchaowang/go/src/github.com/noChaos1012/tour/blog_service/main.go:21 %!s(func() string=0x11bc090)"],"level":"info","message":"【服务启动】noChaos:tour/blog-service","time":1598191714391337000}
2020/08/23 22:08:40 {"callers":["/Users/suchaowang/go/src/github.com/noChaos1012/tour/blog_service/main.go:21 %!s(func() string=0x11bc090)"],"level":"info","message":"【服务启动】noChaos:tour/blog-service","time":1598191720113768000}
2020/08/23 22:08:42 {"callers":["/Users/suchaowang/go/src/github.com/noChaos1012/tour/blog_service/main.go:21 %!s(func() string=0x11bc090)"],"level":"error","message":"app.BindAndValid errs:CreatedBy为必填字段","time":1598191722822663000}
2020/08/23 22:10:43 {"callers":["/Users/suchaowang/go/src/github.com/noChaos1012/tour/blog_service/main.go:21 %!s(func() string=0x11bc090)"],"level":"info","message":"【服务启动】noChaos:tour/blog-service","time":1598191843369101000}
2020/08/23 22:11:11 {"callers":["/Users/suchaowang/go/src/github.com/noChaos1012/tour/blog_service/main.go:21 %!s(func() string=0x11bc090)"],"level":"info","message":"【服务启动】noChaos:tour/blog-service","time":1598191871709804000}
2020/08/23 22:14:41 {"callers":["/Users/suchaowang/go/src/github.com/noChaos1012/tour/blog_service/main.go:21 %!s(func() string=0x11bc090)"],"level":"info","message":"【服务启动】noChaos:tour/blog-service","time":1598192081313086000}
2020/08/23 22:15:15 {"callers":["/Users/suchaowang/go/src/github.com/noChaos1012/tour/blog_service/main.go:21 %!s(func() string=0x11bc090)"],"level":"error","message":"app.BindAndValid errs:CreatedBy为必填字段","time":1598192115991890000}
2020/08/23 22:16:56 {"callers":["/Users/suchaowang/go/src/github.com/noChaos1012/tour/blog_service/main.go:21 %!s(func() string=0x11bc090)"],"level":"info","message":"【服务启动】noChaos:tour/blog-service","time":1598192216612650000}
2020/08/23 22:16:58 {"callers":["/Users/suchaowang/go/src/github.com/noChaos1012/tour/blog_service/main.go:21 %!s(func() string=0x11bc090)"],"level":"error","message":"app.BindAndValid errs:CreatedBy为必填字段","time":1598192218927980000}
2020/08/23 22:19:00 {"callers":["/Users/suchaowang/go/src/github.com/noChaos1012/tour/blog_service/main.go:21 %!s(func() string=0x11bc090)"],"level":"info","message":"【服务启动】noChaos:tour/blog-service","time":1598192340842536000}
2020/08/23 22:20:53 {"callers":["/Users/suchaowang/go/src/github.com/noChaos1012/tour/blog_service/main.go:21 %!s(func() string=0x11bc090)"],"level":"info","message":"【服务启动】noChaos:tour/blog-service","time":1598192453996017000}
2020/08/23 22:21:50 {"callers":["/Users/suchaowang/go/src/github.com/noChaos1012/tour/blog_service/main.go:21 %!s(func() string=0x11bc090)"],"level":"info","message":"【服务启动】noChaos:tour/blog-service","time":1598192510763756000}
2020/08/23 22:22:38 {"callers":["/Users/suchaowang/go/src/github.com/noChaos1012/tour/blog_service/main.go:21 %!s(func() string=0x11bc090)"],"level":"info","message":"【服务启动】noChaos:tour/blog-service","time":1598192558302738000}
2020/08/23 22:25:08 {"callers":["/Users/suchaowang/go/src/github.com/noChaos1012/tour/blog_service/main.go:21 %!s(func() string=0x11bc090)"],"level":"info","message":"【服务启动】noChaos:tour/blog-service","time":1598192708739308000}
2020/08/23 22:36:06 {"callers":["/Users/suchaowang/go/src/github.com/noChaos1012/tour/blog_service/main.go:21 %!s(func() string=0x11bc090)"],"level":"info","message":"【服务启动】noChaos:tour/blog-service","time":1598193366066610000}
2020/08/23 22:36:13 {"callers":["/Users/suchaowang/go/src/github.com/noChaos1012/tour/blog_service/main.go:21 %!s(func() string=0x11bc090)"],"level":"error","message":"app.BindAndValid errs:Name为必填字段,CreatedBy为必填字段","time":1598193373461038000}
2020/08/23 22:36:33 {"callers":["/Users/suchaowang/go/src/github.com/noChaos1012/tour/blog_service/main.go:21 %!s(func() string=0x11bc090)"],"level":"error","message":"app.BindAndValid errs:Name为必填字段","time":1598193393150607000}
2020/08/23 22:36:41 {"callers":["/Users/suchaowang/go/src/github.com/noChaos1012/tour/blog_service/main.go:21 %!s(func() string=0x11bc090)"],"level":"error","message":"app.BindAndValid errs:Name长度必须至少为2个字符","time":1598193401341460000}
2020/08/23 22:50:06 {"callers":["/Users/suchaowang/go/src/github.com/noChaos1012/tour/blog_service/main.go:21 %!s(func() string=0x11bc090)"],"level":"info","message":"【服务启动】noChaos:tour/blog-service","time":1598194206768219000}
2020/08/23 22:51:43 {"callers":["/Users/suchaowang/go/src/github.com/noChaos1012/tour/blog_service/main.go:21 %!s(func() string=0x11bc090)"],"level":"info","message":"【服务启动】noChaos:tour/blog-service","time":1598194303073593000}
2020/08/23 22:53:56 {"callers":["/Users/suchaowang/go/src/github.com/noChaos1012/tour/blog_service/main.go:21 %!s(func() string=0x11bc090)"],"level":"info","message":"【服务启动】noChaos:tour/blog-service","time":1598194436482498000}
2020/08/23 22:54:46 {"callers":["/Users/suchaowang/go/src/github.com/noChaos1012/tour/blog_service/main.go:21 %!s(func() string=0x11bc090)"],"level":"info","message":"【服务启动】noChaos:tour/blog-service","time":1598194486219455000}
2020/08/23 22:55:47 {"callers":["/Users/suchaowang/go/src/github.com/noChaos1012/tour/blog_service/main.go:21 %!s(func() string=0x11bc090)"],"level":"info","message":"【服务启动】noChaos:tour/blog-service","time":1598194547054000000}
2020/08/23 23:00:07 {"callers":["/Users/suchaowang/go/src/github.com/noChaos1012/tour/blog_service/main.go:21 %!s(func() string=0x11bc090)"],"level":"info","message":"【服务启动】noChaos:tour/blog-service","time":1598194807764042000}
2020/08/23 23:01:36 {"callers":["/Users/suchaowang/go/src/github.com/noChaos1012/tour/blog_service/main.go:21 %!s(func() string=0x11bc090)"],"level":"info","message":"【服务启动】noChaos:tour/blog-service","time":1598194896403727000}
2020/08/23 23:05:59 {"callers":["/Users/suchaowang/go/src/github.com/noChaos1012/tour/blog_service/main.go:21 %!s(func() string=0x11bc090)"],"level":"info","message":"【服务启动】noChaos:tour/blog-service","time":1598195159201405000}
2020/08/23 23:06:24 {"callers":["/Users/suchaowang/go/src/github.com/noChaos1012/tour/blog_service/main.go:21 %!s(func() string=0x11bc090)"],"level":"info","message":"【服务启动】noChaos:tour/blog-service","time":1598195184119057000}
2020/08/23 23:15:09 {"callers":["/Users/suchaowang/go/src/github.com/noChaos1012/tour/blog_service/main.go:21 %!s(func() string=0x11bc090)"],"level":"info","message":"【服务启动】noChaos:tour/blog-service","time":1598195709340104000}
2020/08/23 23:21:39 {"callers":["/Users/suchaowang/go/src/github.com/noChaos1012/tour/blog_service/main.go:21 %!s(func() string=0x11bc090)"],"level":"error","message":"app.BindAndValid errs:ModifiedBy为必填字段","time":1598196099412558000}
2020/08/23 23:22:15 {"callers":["/Users/suchaowang/go/src/github.com/noChaos1012/tour/blog_service/main.go:21 %!s(func() string=0x11bc090)"],"level":"error","message":"app.BindAndValid errs:ModifiedBy为必填字段","time":1598196135432879000}
2020/08/23 23:22:57 {"callers":["/Users/suchaowang/go/src/github.com/noChaos1012/tour/blog_service/main.go:21 %!s(func() string=0x11bc090)"],"level":"info","message":"【服务启动】noChaos:tour/blog-service","time":1598196177416487000}
2020/08/23 23:23:01 {"callers":["/Users/suchaowang/go/src/github.com/noChaos1012/tour/blog_service/main.go:21 %!s(func() string=0x11bc090)"],"level":"error","message":"app.BindAndValid errs:ModifiedBy为必填字段","time":1598196181196587000}
2020/08/23 23:28:39 {"callers":["/Users/suchaowang/go/src/github.com/noChaos1012/tour/blog_service/main.go:21 %!s(func() string=0x11bc090)"],"level":"info","message":"【服务启动】noChaos:tour/blog-service","time":1598196519096125000}
2020/08/23 23:34:13 {"callers":["/Users/suchaowang/go/src/github.com/noChaos1012/tour/blog_service/main.go:21 %!s(func() string=0x11bc090)"],"level":"info","message":"【服务启动】noChaos:tour/blog-service","time":1598196853446569000}
2020/08/23 23:36:03 {"callers":["/Users/suchaowang/go/src/github.com/noChaos1012/tour/blog_service/main.go:21 %!s(func() string=0x11bc090)"],"level":"error","message":"app.BindAndValid errs:State为必填字段,ModifiedBy为必填字段","time":1598196963275255000}
2020/08/23 23:36:12 {"callers":["/Users/suchaowang/go/src/github.com/noChaos1012/tour/blog_service/main.go:21 %!s(func() string=0x11bc090)"],"level":"error","message":"app.BindAndValid errs:State为必填字段,ModifiedBy为必填字段","time":1598196972345553000}
2020/08/23 23:36:26 {"callers":["/Users/suchaowang/go/src/github.com/noChaos1012/tour/blog_service/main.go:21 %!s(func() string=0x11bc090)"],"level":"error","message":"app.BindAndValid errs:State为必填字段","time":1598196986016611000}
2020/08/23 23:36:45 {"callers":["/Users/suchaowang/go/src/github.com/noChaos1012/tour/blog_service/main.go:21 %!s(func() string=0x11bc090)"],"level":"error","message":"app.BindAndValid errs:State为必填字段","time":1598197005946838000}
2020/08/23 23:36:55 {"callers":["/Users/suchaowang/go/src/github.com/noChaos1012/tour/blog_service/main.go:21 %!s(func() string=0x11bc090)"],"level":"error","message":"app.BindAndValid errs:State为必填字段","time":1598197015425616000}
2020/08/23 23:37:15 {"callers":["/Users/suchaowang/go/src/github.com/noChaos1012/tour/blog_service/main.go:21 %!s(func() string=0x11bc090)"],"level":"error","message":"app.BindAndValid errs:State为必填字段","time":1598197035241549000}
2020/08/23 23:39:08 {"callers":["/Users/suchaowang/go/src/github.com/noChaos1012/tour/blog_service/main.go:21 %!s(func() string=0x11bc090)"],"level":"error","message":"app.BindAndValid errs:State为必填字段,ModifiedBy为必填字段","time":1598197148420457000}
